<?xml version="1.0" encoding="UTF-8"?>
<coverage generated="1360101418">
  <project timestamp="1360101418">
    <file name="/Applications/MAMP/htdocs/git/php-simple-mail/class.simple_mail.php">
      <class name="Simple_Mail" namespace="global" fullPackage="Simple">
        <metrics methods="24" coveredmethods="18" conditionals="0" coveredconditionals="0" statements="124" coveredstatements="74" elements="148" coveredelements="92"/>
      </class>
      <line num="82" type="method" name="__construct" crap="1" count="18"/>
      <line num="84" type="stmt" count="18"/>
      <line num="85" type="stmt" count="18"/>
      <line num="86" type="stmt" count="18"/>
      <line num="95" type="method" name="setThrowExceptions" crap="2" count="18"/>
      <line num="97" type="stmt" count="18"/>
      <line num="98" type="stmt" count="1"/>
      <line num="101" type="stmt" count="18"/>
      <line num="102" type="stmt" count="18"/>
      <line num="110" type="method" name="shouldThrowExceptions" crap="1" count="1"/>
      <line num="112" type="stmt" count="1"/>
      <line num="124" type="method" name="setTo" crap="8" count="5"/>
      <line num="126" type="stmt" count="5"/>
      <line num="127" type="stmt" count="1"/>
      <line num="130" type="stmt" count="4"/>
      <line num="131" type="stmt" count="1"/>
      <line num="134" type="stmt" count="3"/>
      <line num="135" type="stmt" count="1"/>
      <line num="138" type="stmt" count="2"/>
      <line num="140" type="stmt" count="2"/>
      <line num="141" type="stmt" count="1"/>
      <line num="142" type="stmt" count="1"/>
      <line num="143" type="stmt" count="2"/>
      <line num="152" type="method" name="getTo" crap="1" count="1"/>
      <line num="154" type="stmt" count="1"/>
      <line num="164" type="method" name="setSubject" crap="3" count="2"/>
      <line num="166" type="stmt" count="2"/>
      <line num="167" type="stmt" count="1"/>
      <line num="170" type="stmt" count="1"/>
      <line num="171" type="stmt" count="1"/>
      <line num="179" type="method" name="getSubject" crap="1" count="1"/>
      <line num="181" type="stmt" count="1"/>
      <line num="191" type="method" name="setMessage" crap="3" count="2"/>
      <line num="193" type="stmt" count="2"/>
      <line num="194" type="stmt" count="1"/>
      <line num="197" type="stmt" count="1"/>
      <line num="198" type="stmt" count="1"/>
      <line num="206" type="method" name="getMessage" crap="1" count="1"/>
      <line num="208" type="stmt" count="1"/>
      <line num="218" type="method" name="addAttachment" crap="6" count="0"/>
      <line num="220" type="stmt" count="0"/>
      <line num="221" type="stmt" count="0"/>
      <line num="223" type="stmt" count="0"/>
      <line num="224" type="stmt" count="0"/>
      <line num="225" type="stmt" count="0"/>
      <line num="226" type="stmt" count="0"/>
      <line num="227" type="stmt" count="0"/>
      <line num="229" type="stmt" count="0"/>
      <line num="240" type="method" name="setFrom" crap="5" count="3"/>
      <line num="242" type="stmt" count="3"/>
      <line num="243" type="stmt" count="1"/>
      <line num="246" type="stmt" count="2"/>
      <line num="247" type="stmt" count="1"/>
      <line num="250" type="stmt" count="1"/>
      <line num="252" type="stmt" count="1"/>
      <line num="264" type="method" name="addMailHeader" crap="9.58" count="2"/>
      <line num="266" type="stmt" count="2"/>
      <line num="267" type="stmt" count="0"/>
      <line num="270" type="stmt" count="2"/>
      <line num="271" type="stmt" count="0"/>
      <line num="274" type="stmt" count="2"/>
      <line num="275" type="stmt" count="0"/>
      <line num="278" type="stmt" count="2"/>
      <line num="280" type="stmt" count="2"/>
      <line num="291" type="method" name="addGenericHeader" crap="42" count="0"/>
      <line num="293" type="stmt" count="0"/>
      <line num="294" type="stmt" count="0"/>
      <line num="297" type="stmt" count="0"/>
      <line num="298" type="stmt" count="0"/>
      <line num="301" type="stmt" count="0"/>
      <line num="303" type="stmt" count="0"/>
      <line num="306" type="method" name="getHeaders" crap="1" count="2"/>
      <line num="308" type="stmt" count="2"/>
      <line num="318" type="method" name="setAdditionalParameters" crap="12" count="0"/>
      <line num="320" type="stmt" count="0"/>
      <line num="321" type="stmt" count="0"/>
      <line num="324" type="stmt" count="0"/>
      <line num="325" type="stmt" count="0"/>
      <line num="335" type="method" name="setWrap" crap="4" count="3"/>
      <line num="337" type="stmt" count="3"/>
      <line num="338" type="stmt" count="2"/>
      <line num="341" type="stmt" count="1"/>
      <line num="342" type="stmt" count="1"/>
      <line num="350" type="method" name="getWrap" crap="1" count="2"/>
      <line num="352" type="stmt" count="2"/>
      <line num="361" type="method" name="send" crap="56" count="0"/>
      <line num="363" type="stmt" count="0"/>
      <line num="365" type="stmt" count="0"/>
      <line num="366" type="stmt" count="0"/>
      <line num="367" type="stmt" count="0"/>
      <line num="368" type="stmt" count="0"/>
      <line num="369" type="stmt" count="0"/>
      <line num="370" type="stmt" count="0"/>
      <line num="371" type="stmt" count="0"/>
      <line num="372" type="stmt" count="0"/>
      <line num="373" type="stmt" count="0"/>
      <line num="374" type="stmt" count="0"/>
      <line num="376" type="stmt" count="0"/>
      <line num="377" type="stmt" count="0"/>
      <line num="378" type="stmt" count="0"/>
      <line num="379" type="stmt" count="0"/>
      <line num="380" type="stmt" count="0"/>
      <line num="381" type="stmt" count="0"/>
      <line num="382" type="stmt" count="0"/>
      <line num="383" type="stmt" count="0"/>
      <line num="384" type="stmt" count="0"/>
      <line num="386" type="stmt" count="0"/>
      <line num="389" type="stmt" count="0"/>
      <line num="390" type="stmt" count="0"/>
      <line num="393" type="stmt" count="0"/>
      <line num="394" type="stmt" count="0"/>
      <line num="397" type="stmt" count="0"/>
      <line num="406" type="method" name="debug" crap="2" count="0"/>
      <line num="408" type="stmt" count="0"/>
      <line num="409" type="stmt" count="0"/>
      <line num="417" type="method" name="__toString" crap="2" count="0"/>
      <line num="419" type="stmt" count="0"/>
      <line num="430" type="method" name="formatHeader" crap="1" count="3"/>
      <line num="432" type="stmt" count="3"/>
      <line num="433" type="stmt" count="3"/>
      <line num="434" type="stmt" count="3"/>
      <line num="444" type="method" name="_filterEmail" crap="1" count="3"/>
      <line num="446" type="stmt" count="3"/>
      <line num="447" type="stmt" count="3"/>
      <line num="448" type="stmt" count="3"/>
      <line num="449" type="stmt" count="3"/>
      <line num="450" type="stmt" count="3"/>
      <line num="451" type="stmt" count="3"/>
      <line num="452" type="stmt" count="3"/>
      <line num="453" type="stmt" count="3"/>
      <line num="455" type="stmt" count="3"/>
      <line num="456" type="stmt" count="3"/>
      <line num="458" type="stmt" count="3"/>
      <line num="468" type="method" name="_filterName" crap="1" count="3"/>
      <line num="470" type="stmt" count="3"/>
      <line num="471" type="stmt" count="3"/>
      <line num="472" type="stmt" count="3"/>
      <line num="473" type="stmt" count="3"/>
      <line num="474" type="stmt" count="3"/>
      <line num="475" type="stmt" count="3"/>
      <line num="476" type="stmt" count="3"/>
      <line num="478" type="stmt" count="3"/>
      <line num="488" type="method" name="_filterOther" crap="1" count="1"/>
      <line num="490" type="stmt" count="1"/>
      <line num="491" type="stmt" count="1"/>
      <line num="492" type="stmt" count="1"/>
      <line num="493" type="stmt" count="1"/>
      <line num="495" type="stmt" count="1"/>
      <metrics loc="497" ncloc="292" classes="1" methods="24" coveredmethods="17" conditionals="0" coveredconditionals="0" statements="124" coveredstatements="74" elements="148" coveredelements="91"/>
    </file>
    <metrics files="1" loc="497" ncloc="292" classes="1" methods="24" coveredmethods="17" conditionals="0" coveredconditionals="0" statements="124" coveredstatements="74" elements="148" coveredelements="91"/>
  </project>
</coverage>
