<?xml version="1.0" encoding="UTF-8"?>
<coverage generated="1360149734">
  <project timestamp="1360149734">
    <file name="/Applications/MAMP/htdocs/git/php-simple-mail/class.simple_mail.php">
      <class name="Simple_Mail" namespace="global" fullPackage="Simple">
        <metrics methods="28" coveredmethods="28" conditionals="0" coveredconditionals="0" statements="118" coveredstatements="118" elements="146" coveredelements="146"/>
      </class>
      <line num="78" type="method" name="__construct" crap="1" count="31"/>
      <line num="80" type="stmt" count="31"/>
      <line num="81" type="stmt" count="31"/>
      <line num="92" type="method" name="setTo" crap="3" count="6"/>
      <line num="94" type="stmt" count="6"/>
      <line num="95" type="stmt" count="1"/>
      <line num="98" type="stmt" count="5"/>
      <line num="99" type="stmt" count="1"/>
      <line num="102" type="stmt" count="4"/>
      <line num="104" type="stmt" count="4"/>
      <line num="113" type="method" name="getTo" crap="1" count="2"/>
      <line num="115" type="stmt" count="2"/>
      <line num="125" type="method" name="setSubject" crap="2" count="4"/>
      <line num="127" type="stmt" count="4"/>
      <line num="128" type="stmt" count="1"/>
      <line num="131" type="stmt" count="3"/>
      <line num="132" type="stmt" count="3"/>
      <line num="140" type="method" name="getSubject" crap="1" count="1"/>
      <line num="142" type="stmt" count="1"/>
      <line num="152" type="method" name="setMessage" crap="2" count="4"/>
      <line num="154" type="stmt" count="4"/>
      <line num="155" type="stmt" count="1"/>
      <line num="158" type="stmt" count="3"/>
      <line num="160" type="stmt" count="3"/>
      <line num="168" type="method" name="getMessage" crap="1" count="1"/>
      <line num="170" type="stmt" count="1"/>
      <line num="181" type="method" name="addAttachment" crap="2" count="3"/>
      <line num="183" type="stmt" count="3"/>
      <line num="184" type="stmt" count="3"/>
      <line num="185" type="stmt" count="3"/>
      <line num="187" type="stmt" count="3"/>
      <line num="197" type="method" name="addAttachmentPath" crap="1" count="3"/>
      <line num="199" type="stmt" count="3"/>
      <line num="201" type="stmt" count="3"/>
      <line num="211" type="method" name="addAttachmentFilename" crap="1" count="3"/>
      <line num="213" type="stmt" count="3"/>
      <line num="215" type="stmt" count="3"/>
      <line num="225" type="method" name="getAttachmentData" crap="1" count="3"/>
      <line num="227" type="stmt" count="3"/>
      <line num="228" type="stmt" count="3"/>
      <line num="229" type="stmt" count="3"/>
      <line num="230" type="stmt" count="3"/>
      <line num="232" type="stmt" count="3"/>
      <line num="243" type="method" name="setFrom" crap="3" count="5"/>
      <line num="245" type="stmt" count="5"/>
      <line num="246" type="stmt" count="1"/>
      <line num="249" type="stmt" count="4"/>
      <line num="250" type="stmt" count="1"/>
      <line num="253" type="stmt" count="3"/>
      <line num="255" type="stmt" count="3"/>
      <line num="267" type="method" name="addMailHeader" crap="4" count="6"/>
      <line num="269" type="stmt" count="6"/>
      <line num="270" type="stmt" count="1"/>
      <line num="273" type="stmt" count="5"/>
      <line num="274" type="stmt" count="1"/>
      <line num="277" type="stmt" count="4"/>
      <line num="278" type="stmt" count="1"/>
      <line num="281" type="stmt" count="3"/>
      <line num="283" type="stmt" count="3"/>
      <line num="294" type="method" name="addGenericHeader" crap="4" count="3"/>
      <line num="296" type="stmt" count="3"/>
      <line num="297" type="stmt" count="1"/>
      <line num="300" type="stmt" count="2"/>
      <line num="301" type="stmt" count="1"/>
      <line num="304" type="stmt" count="1"/>
      <line num="306" type="stmt" count="1"/>
      <line num="314" type="method" name="getHeaders" crap="1" count="2"/>
      <line num="316" type="stmt" count="2"/>
      <line num="326" type="method" name="setAdditionalParameters" crap="2" count="2"/>
      <line num="328" type="stmt" count="2"/>
      <line num="329" type="stmt" count="1"/>
      <line num="332" type="stmt" count="1"/>
      <line num="334" type="stmt" count="1"/>
      <line num="342" type="method" name="getAdditionalParameters" crap="1" count="1"/>
      <line num="344" type="stmt" count="1"/>
      <line num="354" type="method" name="setWrap" crap="3" count="3"/>
      <line num="356" type="stmt" count="3"/>
      <line num="357" type="stmt" count="2"/>
      <line num="360" type="stmt" count="1"/>
      <line num="362" type="stmt" count="1"/>
      <line num="370" type="method" name="getWrap" crap="1" count="2"/>
      <line num="372" type="stmt" count="2"/>
      <line num="380" type="method" name="hasAttachments" crap="1" count="4"/>
      <line num="382" type="stmt" count="4"/>
      <line num="390" type="method" name="assembleAttachmentHeaders" crap="2" count="2"/>
      <line num="392" type="stmt" count="2"/>
      <line num="393" type="stmt" count="2"/>
      <line num="394" type="stmt" count="2"/>
      <line num="395" type="stmt" count="2"/>
      <line num="396" type="stmt" count="2"/>
      <line num="397" type="stmt" count="2"/>
      <line num="398" type="stmt" count="2"/>
      <line num="399" type="stmt" count="2"/>
      <line num="400" type="stmt" count="2"/>
      <line num="402" type="stmt" count="2"/>
      <line num="403" type="stmt" count="2"/>
      <line num="404" type="stmt" count="2"/>
      <line num="405" type="stmt" count="2"/>
      <line num="406" type="stmt" count="2"/>
      <line num="407" type="stmt" count="2"/>
      <line num="408" type="stmt" count="2"/>
      <line num="410" type="stmt" count="2"/>
      <line num="419" type="method" name="send" crap="6" count="3"/>
      <line num="421" type="stmt" count="3"/>
      <line num="422" type="stmt" count="3"/>
      <line num="424" type="stmt" count="3"/>
      <line num="425" type="stmt" count="1"/>
      <line num="428" type="stmt" count="2"/>
      <line num="429" type="stmt" count="1"/>
      <line num="430" type="stmt" count="1"/>
      <line num="433" type="stmt" count="1"/>
      <line num="443" type="method" name="debug" crap="1" count="1"/>
      <line num="445" type="stmt" count="1"/>
      <line num="454" type="method" name="__toString" crap="1" count="1"/>
      <line num="456" type="stmt" count="1"/>
      <line num="468" type="method" name="formatHeader" crap="1" count="5"/>
      <line num="470" type="stmt" count="5"/>
      <line num="471" type="stmt" count="5"/>
      <line num="472" type="stmt" count="5"/>
      <line num="483" type="method" name="_filterEmail" crap="1" count="5"/>
      <line num="485" type="stmt" count="5"/>
      <line num="486" type="stmt" count="5"/>
      <line num="487" type="stmt" count="5"/>
      <line num="488" type="stmt" count="5"/>
      <line num="489" type="stmt" count="5"/>
      <line num="490" type="stmt" count="5"/>
      <line num="491" type="stmt" count="5"/>
      <line num="492" type="stmt" count="5"/>
      <line num="494" type="stmt" count="5"/>
      <line num="495" type="stmt" count="5"/>
      <line num="497" type="stmt" count="5"/>
      <line num="508" type="method" name="_filterName" crap="1" count="5"/>
      <line num="510" type="stmt" count="5"/>
      <line num="511" type="stmt" count="5"/>
      <line num="512" type="stmt" count="5"/>
      <line num="513" type="stmt" count="5"/>
      <line num="514" type="stmt" count="5"/>
      <line num="515" type="stmt" count="5"/>
      <line num="516" type="stmt" count="5"/>
      <line num="518" type="stmt" count="5"/>
      <line num="529" type="method" name="_filterOther" crap="1" count="3"/>
      <line num="531" type="stmt" count="3"/>
      <line num="532" type="stmt" count="3"/>
      <line num="533" type="stmt" count="3"/>
      <line num="534" type="stmt" count="3"/>
      <line num="536" type="stmt" count="3"/>
      <metrics loc="538" ncloc="304" classes="1" methods="28" coveredmethods="28" conditionals="0" coveredconditionals="0" statements="118" coveredstatements="118" elements="146" coveredelements="146"/>
    </file>
    <metrics files="1" loc="538" ncloc="304" classes="1" methods="28" coveredmethods="28" conditionals="0" coveredconditionals="0" statements="118" coveredstatements="118" elements="146" coveredelements="146"/>
  </project>
</coverage>
